
> nasa-frontend@0.1.0 dev
> vite --host 0.0.0.0 --port 5173


  [32m[1mVITE[22m v5.4.11[39m  [2mready in [0m[1m571[22m[2m[0m ms[22m

  [32m➜[39m  [1mLocal[22m:   [36mhttp://localhost:[1m5173[22m/[39m
  [32m➜[39m  [1mNetwork[22m: [36mhttp://192.168.1.100:[1m5173[22m/[39m
[2m[32m  ➜[39m[22m[2m  press [22m[1mh + enter[22m[2m to show help[22m
[2m11:24:11 PM[22m [36m[1m[vite][22m[39m [32mhmr update [39m[2m/src/App.jsx[22m
[2m11:27:21 PM[22m [36m[1m[vite][22m[39m [32mhmr update [39m[2m/src/OrbitViewer.jsx[22m
[2m11:27:22 PM[22m [36m[1m[vite][22m[39m [32m✨ new dependencies optimized: [33mthree/examples/jsm/controls/OrbitControls.js[32m[39m
[2m11:27:22 PM[22m [36m[1m[vite][22m[39m [32m✨ optimized dependencies changed. reloading[39m
[2m11:28:38 PM[22m [36m[1m[vite][22m[39m [32mhmr update [39m[2m/src/App.jsx[22m
[2m11:29:01 PM[22m [36m[1m[vite][22m[39m [32mhmr update [39m[2m/src/styles.css[22m
[2m11:35:57 PM[22m [36m[1m[vite][22m[39m [32mhmr update [39m[2m/src/App.jsx[22m
[2m11:40:51 PM[22m [36m[1m[vite][22m[39m [32mhmr update [39m[2m/src/App.jsx[22m
[2m11:41:09 PM[22m [36m[1m[vite][22m[39m [32mhmr update [39m[2m/src/App.jsx[22m
[2m11:41:17 PM[22m [36m[1m[vite][22m[39m [32mhmr update [39m[2m/src/App.jsx[22m
[2m11:41:23 PM[22m [36m[1m[vite][22m[39m [32mhmr update [39m[2m/src/App.jsx[22m
[2m11:41:37 PM[22m [36m[1m[vite][22m[39m [32mhmr update [39m[2m/src/App.jsx[22m
[2m11:41:53 PM[22m [36m[1m[vite][22m[39m [32mhmr update [39m[2m/src/App.jsx[22m
[2m11:42:02 PM[22m [36m[1m[vite][22m[39m [32mhmr update [39m[2m/src/styles.css[22m
[2m12:04:01 AM[22m [36m[1m[vite][22m[39m [32mhmr update [39m[2m/src/App.jsx[22m
[2m12:04:09 AM[22m [36m[1m[vite][22m[39m [32mhmr update [39m[2m/src/styles.css[22m
[2m12:04:18 AM[22m [36m[1m[vite][22m[39m [32mhmr update [39m[2m/src/App.jsx[22m
[2m12:04:49 AM[22m [36m[1m[vite][22m[39m [32mhmr update [39m[2m/src/App.jsx[22m
[2m12:04:55 AM[22m [36m[1m[vite][22m[39m [32m✨ new dependencies optimized: [33mrecharts[32m[39m
[2m12:04:55 AM[22m [36m[1m[vite][22m[39m [32m✨ optimized dependencies changed. reloading[39m
[2m12:08:58 AM[22m [36m[1m[vite][22m[39m [32mhmr update [39m[2m/src/styles.css[22m
[2m12:09:08 AM[22m [36m[1m[vite][22m[39m [32mhmr update [39m[2m/src/OrbitViewer.jsx[22m
[2m12:15:25 AM[22m [36m[1m[vite][22m[39m [32mhmr update [39m[2m/src/App.jsx[22m
[2m12:15:35 AM[22m [36m[1m[vite][22m[39m [32mhmr update [39m[2m/src/App.jsx[22m
[2m12:15:57 AM[22m [36m[1m[vite][22m[39m [32mhmr update [39m[2m/src/styles.css[22m
[2m12:16:08 AM[22m [36m[1m[vite][22m[39m [32mhmr update [39m[2m/src/RealOrbitViewer.jsx[22m
[2m12:25:52 AM[22m [36m[1m[vite][22m[39m [32mhmr update [39m[2m/src/App.jsx[22m
[2m12:26:02 AM[22m [36m[1m[vite][22m[39m [32mhmr update [39m[2m/src/App.jsx[22m
[2m12:26:44 AM[22m [36m[1m[vite][22m[39m [32mhmr update [39m[2m/src/styles.css[22m
[2m12:34:34 AM[22m [36m[1m[vite][22m[39m [32mhmr update [39m[2m/src/LiveAsteroidMapReal.jsx[22m
[2m12:35:38 AM[22m [36m[1m[vite][22m[39m [32mhmr update [39m[2m/src/LiveAsteroidMapReal.jsx[22m
[2m12:37:32 AM[22m [36m[1m[vite][22m[39m [32mhmr update [39m[2m/src/LiveAsteroidMapReal.jsx[22m
[2m12:38:13 AM[22m [36m[1m[vite][22m[39m [32mhmr update [39m[2m/src/styles.css[22m
[2m12:38:31 AM[22m [36m[1m[vite][22m[39m [32mhmr update [39m[2m/src/LiveAsteroidMapReal.jsx[22m
[2m12:44:25 AM[22m [36m[1m[vite][22m[39m [32mhmr update [39m[2m/src/App.jsx[22m
[2m12:44:53 AM[22m [36m[1m[vite][22m[39m [32mhmr update [39m[2m/src/LiveAsteroidMapReal.jsx[22m
[2m12:45:11 AM[22m [36m[1m[vite][22m[39m [32mhmr update [39m[2m/src/LiveAsteroidMapReal.jsx[22m
[2m12:48:57 AM[22m [36m[1m[vite][22m[39m [32mhmr update [39m[2m/src/LiveAsteroidMapReal.jsx[22m
[2m1:04:16 AM[22m [36m[1m[vite][22m[39m [32mhmr update [39m[2m/src/App.jsx[22m
[2m1:04:28 AM[22m [36m[1m[vite][22m[39m [32mhmr update [39m[2m/src/styles.css[22m
[2m1:12:02 AM[22m [36m[1m[vite][22m[39m [32mhmr update [39m[2m/src/App.jsx[22m
[2m1:14:57 AM[22m [36m[1m[vite][22m[39m [32mhmr update [39m[2m/src/App.jsx[22m
[2m1:21:34 AM[22m [36m[1m[vite][22m[39m [32mhmr update [39m[2m/src/App.jsx[22m
[2m1:21:42 AM[22m [36m[1m[vite][22m[39m [32mhmr update [39m[2m/src/LiveAsteroidMapReal.jsx[22m
[2m1:23:25 AM[22m [36m[1m[vite][22m[39m [32mhmr update [39m[2m/src/App.jsx[22m
[2m1:42:28 AM[22m [36m[1m[vite][22m[39m [32mhmr update [39m[2m/src/App.jsx[22m
