[2m12:04:01 AM[22m [31m[1m[vite][22m[39m [31mInternal server error: Failed to resolve import "recharts" from "src/SimpleCharts.jsx". Does the file exist?[39m
  Plugin: [35mvite:import-analysis[39m
  File: [36mC:/Users/It Computer Point/Desktop/NASA/frontend/src/SimpleCharts.jsx[39m:23:7
[33m  37 |    YAxis,
  38 |    CartesianGrid
  39 |  } from "recharts";
     |          ^
  40 |  const RISK_COLORS = {
  41 |    High: "#ff6b6b",[39m
      at TransformPluginContext._formatError (file:///C:/Users/It%20Computer%20Point/Desktop/NASA/frontend/node_modules/vite/dist/node/chunks/dep-CB_7IfJ-.js:49255:41)
      at TransformPluginContext.error (file:///C:/Users/It%20Computer%20Point/Desktop/NASA/frontend/node_modules/vite/dist/node/chunks/dep-CB_7IfJ-.js:49250:16)
      at normalizeUrl (file:///C:/Users/It%20Computer%20Point/Desktop/NASA/frontend/node_modules/vite/dist/node/chunks/dep-CB_7IfJ-.js:64041:23)
      at process.processTicksAndRejections (node:internal/process/task_queues:103:5)
      at async file:///C:/Users/It%20Computer%20Point/Desktop/NASA/frontend/node_modules/vite/dist/node/chunks/dep-CB_7IfJ-.js:64173:39
      at async Promise.all (index 3)
      at async TransformPluginContext.transform (file:///C:/Users/It%20Computer%20Point/Desktop/NASA/frontend/node_modules/vite/dist/node/chunks/dep-CB_7IfJ-.js:64100:7)
      at async PluginContainer.transform (file:///C:/Users/It%20Computer%20Point/Desktop/NASA/frontend/node_modules/vite/dist/node/chunks/dep-CB_7IfJ-.js:49096:18)
      at async loadAndTransform (file:///C:/Users/It%20Computer%20Point/Desktop/NASA/frontend/node_modules/vite/dist/node/chunks/dep-CB_7IfJ-.js:51929:27)
[2m12:04:01 AM[22m [31m[1m[vite][22m[39m Pre-transform error: Failed to resolve import "recharts" from "src/SimpleCharts.jsx". Does the file exist?
[2m12:04:18 AM[22m [31m[1m[vite][22m[39m [31mInternal server error: Failed to resolve import "recharts" from "src/SimpleCharts.jsx". Does the file exist?[39m
  Plugin: [35mvite:import-analysis[39m
  File: [36mC:/Users/It Computer Point/Desktop/NASA/frontend/src/SimpleCharts.jsx[39m:23:7
[33m  37 |    YAxis,
  38 |    CartesianGrid
  39 |  } from "recharts";
     |          ^
  40 |  const RISK_COLORS = {
  41 |    High: "#ff6b6b",[39m
      at TransformPluginContext._formatError (file:///C:/Users/It%20Computer%20Point/Desktop/NASA/frontend/node_modules/vite/dist/node/chunks/dep-CB_7IfJ-.js:49255:41)
      at TransformPluginContext.error (file:///C:/Users/It%20Computer%20Point/Desktop/NASA/frontend/node_modules/vite/dist/node/chunks/dep-CB_7IfJ-.js:49250:16)
      at normalizeUrl (file:///C:/Users/It%20Computer%20Point/Desktop/NASA/frontend/node_modules/vite/dist/node/chunks/dep-CB_7IfJ-.js:64041:23)
      at process.processTicksAndRejections (node:internal/process/task_queues:103:5)
      at async file:///C:/Users/It%20Computer%20Point/Desktop/NASA/frontend/node_modules/vite/dist/node/chunks/dep-CB_7IfJ-.js:64173:39
      at async Promise.all (index 3)
      at async TransformPluginContext.transform (file:///C:/Users/It%20Computer%20Point/Desktop/NASA/frontend/node_modules/vite/dist/node/chunks/dep-CB_7IfJ-.js:64100:7)
      at async PluginContainer.transform (file:///C:/Users/It%20Computer%20Point/Desktop/NASA/frontend/node_modules/vite/dist/node/chunks/dep-CB_7IfJ-.js:49096:18)
      at async loadAndTransform (file:///C:/Users/It%20Computer%20Point/Desktop/NASA/frontend/node_modules/vite/dist/node/chunks/dep-CB_7IfJ-.js:51929:27)
[2m12:04:18 AM[22m [31m[1m[vite][22m[39m Pre-transform error: Failed to resolve import "recharts" from "src/SimpleCharts.jsx". Does the file exist?
